{"name": "test_create_booking_tc2", "status": "failed", "statusDetails": {"message": "AssertionError: Expected http status code500", "trace": "self = <test.integration_test.test_create_booking.TestCreateBooking object at 0x0000019DE5EC0A70>\n\n    def test_create_booking_tc2(self):\n     response = post_request(url=APIConstants.url_create_booking(), auth=None, header=common_headers_json(),\n                            payload=None, in_json=False)\n    \n>    verify_http_status_code(response, expect_data=500)\n\ntest\\integration_test\\test_create_booking.py:25: \n_ _ _ _ _ _ _ _ _ _ _ _ _ _ _ _ _ _ _ _ _ _ _ _ _ _ _ _ _ _ _ _ _ _ _ _ _ _ _ _ _ _ _ _ _ _ _ _ _ _ _ _ _ _ _ _ _ _\n\nresponse_data = <Response [400]>, expect_data = 500\n\n    def verify_http_status_code(response_data,expect_data):\n>       assert response_data.status_code==expect_data,\"Expected http status code\"+str(expect_data)\nE       AssertionError: Expected http status code500\n\nsrc\\helper\\common_verification.py:3: AssertionError"}, "start": 1704199909852, "stop": 1704199911227, "uuid": "4dec3dbc-b56e-491e-b79e-975d4201d00c", "historyId": "f9b8268b70fa59483cf9fee203c6442e", "testCaseId": "f9b8268b70fa59483cf9fee203c6442e", "fullName": "test.integration_test.test_create_booking.TestCreateBooking#test_create_booking_tc2", "labels": [{"name": "parentSuite", "value": "test.integration_test"}, {"name": "suite", "value": "test_create_booking"}, {"name": "subSuite", "value": "TestCreateBooking"}, {"name": "host", "value": "DESKTOP-N7A9HM1"}, {"name": "thread", "value": "2548-MainThread"}, {"name": "framework", "value": "pytest"}, {"name": "language", "value": "cpython3"}, {"name": "package", "value": "test.integration_test.test_create_booking"}]}